<?xml version="1.0" encoding="UTF-8"?>
<testsuite xmlns:xsi="http://www.w3.org/2001/XMLSchema-instance" xsi:noNamespaceSchemaLocation="https://maven.apache.org/surefire/maven-surefire-plugin/xsd/surefire-test-report.xsd" version="3.0.2" name="AppTest" time="0.043" tests="1" errors="0" skipped="0" failures="0">
  <properties>
    <property name="java.specification.version" value="21"/>
    <property name="sun.jnu.encoding" value="UTF-8"/>
    <property name="java.class.path" value="/workspaces/EmailProcessor/cs-client/target/test-classes:/workspaces/EmailProcessor/cs-client/target/classes:/home/codespace/.m2/repository/org/apache/camel/quarkus/camel-quarkus-jackson/3.26.0/camel-quarkus-jackson-3.26.0.jar:/home/codespace/.m2/repository/io/quarkus/quarkus-jaxp/3.26.4/quarkus-jaxp-3.26.4.jar:/home/codespace/.m2/repository/io/quarkus/quarkus-jackson/3.26.4/quarkus-jackson-3.26.4.jar:/home/codespace/.m2/repository/com/fasterxml/jackson/core/jackson-databind/2.19.2/jackson-databind-2.19.2.jar:/home/codespace/.m2/repository/com/fasterxml/jackson/datatype/jackson-datatype-jsr310/2.19.2/jackson-datatype-jsr310-2.19.2.jar:/home/codespace/.m2/repository/com/fasterxml/jackson/datatype/jackson-datatype-jdk8/2.19.2/jackson-datatype-jdk8-2.19.2.jar:/home/codespace/.m2/repository/com/fasterxml/jackson/module/jackson-module-parameter-names/2.19.2/jackson-module-parameter-names-2.19.2.jar:/home/codespace/.m2/repository/com/fasterxml/jackson/module/jackson-module-jakarta-xmlbind-annotations/2.19.2/jackson-module-jakarta-xmlbind-annotations-2.19.2.jar:/home/codespace/.m2/repository/com/fasterxml/jackson/core/jackson-annotations/2.19.2/jackson-annotations-2.19.2.jar:/home/codespace/.m2/repository/com/fasterxml/jackson/core/jackson-core/2.19.2/jackson-core-2.19.2.jar:/home/codespace/.m2/repository/jakarta/activation/jakarta.activation-api/2.1.3/jakarta.activation-api-2.1.3.jar:/home/codespace/.m2/repository/org/apache/camel/camel-jackson/4.14.0/camel-jackson-4.14.0.jar:/home/codespace/.m2/repository/jakarta/xml/bind/jakarta.xml.bind-api/4.0.2/jakarta.xml.bind-api-4.0.2.jar:/home/codespace/.m2/repository/org/eclipse/angus/angus-activation/2.0.2/angus-activation-2.0.2.jar:/home/codespace/.m2/repository/org/apache/camel/quarkus/camel-quarkus-http/3.26.0/camel-quarkus-http-3.26.0.jar:/home/codespace/.m2/repository/org/apache/camel/quarkus/camel-quarkus-http-common/3.26.0/camel-quarkus-http-common-3.26.0.jar:/home/codespace/.m2/repository/org/apache/camel/quarkus/camel-quarkus-core-cloud/3.26.0/camel-quarkus-core-cloud-3.26.0.jar:/home/codespace/.m2/repository/org/apache/camel/camel-http-common/4.14.0/camel-http-common-4.14.0.jar:/home/codespace/.m2/repository/org/apache/camel/camel-http-base/4.14.0/camel-http-base-4.14.0.jar:/home/codespace/.m2/repository/jakarta/servlet/jakarta.servlet-api/6.0.0/jakarta.servlet-api-6.0.0.jar:/home/codespace/.m2/repository/org/apache/camel/quarkus/camel-quarkus-support-httpclient5/3.26.0/camel-quarkus-support-httpclient5-3.26.0.jar:/home/codespace/.m2/repository/org/apache/httpcomponents/client5/httpclient5/5.5/httpclient5-5.5.jar:/home/codespace/.m2/repository/org/apache/camel/camel-http/4.14.0/camel-http-4.14.0.jar:/home/codespace/.m2/repository/org/apache/camel/camel-cloud/4.14.0/camel-cloud-4.14.0.jar:/home/codespace/.m2/repository/org/apache/camel/camel-file/4.14.0/camel-file-4.14.0.jar:/home/codespace/.m2/repository/org/apache/camel/camel-cluster/4.14.0/camel-cluster-4.14.0.jar:/home/codespace/.m2/repository/org/apache/camel/camel-util-json/4.14.0/camel-util-json-4.14.0.jar:/home/codespace/.m2/repository/org/apache/httpcomponents/core5/httpcore5/5.3.4/httpcore5-5.3.4.jar:/home/codespace/.m2/repository/org/apache/httpcomponents/core5/httpcore5-h2/5.3.4/httpcore5-h2-5.3.4.jar:/home/codespace/.m2/repository/org/apache/camel/quarkus/camel-quarkus-platform-http/3.26.0/camel-quarkus-platform-http-3.26.0.jar:/home/codespace/.m2/repository/org/apache/camel/quarkus/camel-quarkus-attachments/3.26.0/camel-quarkus-attachments-3.26.0.jar:/home/codespace/.m2/repository/org/apache/camel/camel-attachments/4.14.0/camel-attachments-4.14.0.jar:/home/codespace/.m2/repository/org/apache/camel/camel-platform-http-vertx/4.14.0/camel-platform-http-vertx-4.14.0.jar:/home/codespace/.m2/repository/org/apache/camel/camel-platform-http/4.14.0/camel-platform-http-4.14.0.jar:/home/codespace/.m2/repository/org/apache/camel/camel-vertx-common/4.14.0/camel-vertx-common-4.14.0.jar:/home/codespace/.m2/repository/io/vertx/vertx-web/4.5.21/vertx-web-4.5.21.jar:/home/codespace/.m2/repository/io/vertx/vertx-bridge-common/4.5.21/vertx-bridge-common-4.5.21.jar:/home/codespace/.m2/repository/io/quarkus/quarkus-vertx-http/3.26.4/quarkus-vertx-http-3.26.4.jar:/home/codespace/.m2/repository/io/quarkus/quarkus-security-runtime-spi/3.26.4/quarkus-security-runtime-spi-3.26.4.jar:/home/codespace/.m2/repository/io/quarkus/quarkus-tls-registry/3.26.4/quarkus-tls-registry-3.26.4.jar:/home/codespace/.m2/repository/io/quarkus/quarkus-tls-registry-spi/3.26.4/quarkus-tls-registry-spi-3.26.4.jar:/home/codespace/.m2/repository/io/smallrye/certs/smallrye-private-key-pem-parser/0.9.2/smallrye-private-key-pem-parser-0.9.2.jar:/home/codespace/.m2/repository/io/quarkus/quarkus-credentials/3.26.4/quarkus-credentials-3.26.4.jar:/home/codespace/.m2/repository/io/quarkus/quarkus-mutiny/3.26.4/quarkus-mutiny-3.26.4.jar:/home/codespace/.m2/repository/io/quarkus/quarkus-smallrye-context-propagation/3.26.4/quarkus-smallrye-context-propagation-3.26.4.jar:/home/codespace/.m2/repository/io/smallrye/smallrye-context-propagation/2.2.1/smallrye-context-propagation-2.2.1.jar:/home/codespace/.m2/repository/io/smallrye/smallrye-context-propagation-api/2.2.1/smallrye-context-propagation-api-2.2.1.jar:/home/codespace/.m2/repository/io/smallrye/smallrye-context-propagation-storage/2.2.1/smallrye-context-propagation-storage-2.2.1.jar:/home/codespace/.m2/repository/io/smallrye/reactive/mutiny-smallrye-context-propagation/2.9.4/mutiny-smallrye-context-propagation-2.9.4.jar:/home/codespace/.m2/repository/io/smallrye/common/smallrye-common-vertx-context/2.13.9/smallrye-common-vertx-context-2.13.9.jar:/home/codespace/.m2/repository/io/smallrye/common/smallrye-common-constraint/2.13.9/smallrye-common-constraint-2.13.9.jar:/home/codespace/.m2/repository/io/quarkus/security/quarkus-security/2.2.1/quarkus-security-2.2.1.jar:/home/codespace/.m2/repository/io/smallrye/reactive/smallrye-mutiny-vertx-web/3.19.2/smallrye-mutiny-vertx-web-3.19.2.jar:/home/codespace/.m2/repository/io/smallrye/reactive/smallrye-mutiny-vertx-web-common/3.19.2/smallrye-mutiny-vertx-web-common-3.19.2.jar:/home/codespace/.m2/repository/io/smallrye/reactive/smallrye-mutiny-vertx-auth-common/3.19.2/smallrye-mutiny-vertx-auth-common-3.19.2.jar:/home/codespace/.m2/repository/io/smallrye/reactive/smallrye-mutiny-vertx-bridge-common/3.19.2/smallrye-mutiny-vertx-bridge-common-3.19.2.jar:/home/codespace/.m2/repository/io/smallrye/reactive/smallrye-mutiny-vertx-uri-template/3.19.2/smallrye-mutiny-vertx-uri-template-3.19.2.jar:/home/codespace/.m2/repository/org/crac/crac/1.5.0/crac-1.5.0.jar:/home/codespace/.m2/repository/com/aayushatharva/brotli4j/brotli4j/1.16.0/brotli4j-1.16.0.jar:/home/codespace/.m2/repository/com/aayushatharva/brotli4j/service/1.16.0/service-1.16.0.jar:/home/codespace/.m2/repository/com/aayushatharva/brotli4j/native-linux-x86_64/1.16.0/native-linux-x86_64-1.16.0.jar:/home/codespace/.m2/repository/org/apache/camel/quarkus/camel-quarkus-core/3.26.0/camel-quarkus-core-3.26.0.jar:/home/codespace/.m2/repository/io/quarkus/quarkus-core/3.26.4/quarkus-core-3.26.4.jar:/home/codespace/.m2/repository/jakarta/annotation/jakarta.annotation-api/3.0.0/jakarta.annotation-api-3.0.0.jar:/home/codespace/.m2/repository/jakarta/enterprise/jakarta.enterprise.cdi-api/4.1.0/jakarta.enterprise.cdi-api-4.1.0.jar:/home/codespace/.m2/repository/jakarta/enterprise/jakarta.enterprise.lang-model/4.1.0/jakarta.enterprise.lang-model-4.1.0.jar:/home/codespace/.m2/repository/jakarta/interceptor/jakarta.interceptor-api/2.2.0/jakarta.interceptor-api-2.2.0.jar:/home/codespace/.m2/repository/jakarta/inject/jakarta.inject-api/2.0.1/jakarta.inject-api-2.0.1.jar:/home/codespace/.m2/repository/io/smallrye/common/smallrye-common-os/2.13.9/smallrye-common-os-2.13.9.jar:/home/codespace/.m2/repository/io/quarkus/quarkus-ide-launcher/3.26.4/quarkus-ide-launcher-3.26.4.jar:/home/codespace/.m2/repository/io/smallrye/config/smallrye-config/3.13.4/smallrye-config-3.13.4.jar:/home/codespace/.m2/repository/io/smallrye/config/smallrye-config-core/3.13.4/smallrye-config-core-3.13.4.jar:/home/codespace/.m2/repository/io/smallrye/common/smallrye-common-classloader/2.13.9/smallrye-common-classloader-2.13.9.jar:/home/codespace/.m2/repository/io/smallrye/config/smallrye-config-common/3.13.4/smallrye-config-common-3.13.4.jar:/home/codespace/.m2/repository/org/jboss/logging/jboss-logging/3.6.1.Final/jboss-logging-3.6.1.Final.jar:/home/codespace/.m2/repository/org/jboss/logmanager/jboss-logmanager/3.1.2.Final/jboss-logmanager-3.1.2.Final.jar:/home/codespace/.m2/repository/io/smallrye/common/smallrye-common-cpu/2.13.9/smallrye-common-cpu-2.13.9.jar:/home/codespace/.m2/repository/io/smallrye/common/smallrye-common-expression/2.13.9/smallrye-common-expression-2.13.9.jar:/home/codespace/.m2/repository/io/smallrye/common/smallrye-common-net/2.13.9/smallrye-common-net-2.13.9.jar:/home/codespace/.m2/repository/io/smallrye/common/smallrye-common-ref/2.13.9/smallrye-common-ref-2.13.9.jar:/home/codespace/.m2/repository/jakarta/json/jakarta.json-api/2.1.3/jakarta.json-api-2.1.3.jar:/home/codespace/.m2/repository/org/eclipse/parsson/parsson/1.1.7/parsson-1.1.7.jar:/home/codespace/.m2/repository/org/jboss/threads/jboss-threads/3.9.1/jboss-threads-3.9.1.jar:/home/codespace/.m2/repository/io/smallrye/common/smallrye-common-function/2.13.9/smallrye-common-function-2.13.9.jar:/home/codespace/.m2/repository/org/slf4j/slf4j-api/2.0.17/slf4j-api-2.0.17.jar:/home/codespace/.m2/repository/org/wildfly/common/wildfly-common/2.0.1/wildfly-common-2.0.1.jar:/home/codespace/.m2/repository/io/quarkus/quarkus-bootstrap-runner/3.26.4/quarkus-bootstrap-runner-3.26.4.jar:/home/codespace/.m2/repository/io/quarkus/quarkus-fs-util/1.1.0/quarkus-fs-util-1.1.0.jar:/home/codespace/.m2/repository/io/quarkus/quarkus-development-mode-spi/3.26.4/quarkus-development-mode-spi-3.26.4.jar:/home/codespace/.m2/repository/org/apache/camel/camel-base/4.14.0/camel-base-4.14.0.jar:/home/codespace/.m2/repository/org/apache/camel/camel-api/4.14.0/camel-api-4.14.0.jar:/home/codespace/.m2/repository/org/apache/camel/camel-management-api/4.14.0/camel-management-api-4.14.0.jar:/home/codespace/.m2/repository/org/apache/camel/camel-support/4.14.0/camel-support-4.14.0.jar:/home/codespace/.m2/repository/org/apache/camel/camel-util/4.14.0/camel-util-4.14.0.jar:/home/codespace/.m2/repository/org/apache/camel/camel-componentdsl/4.14.0/camel-componentdsl-4.14.0.jar:/home/codespace/.m2/repository/org/apache/camel/camel-core-catalog/4.14.0/camel-core-catalog-4.14.0.jar:/home/codespace/.m2/repository/org/apache/camel/camel-tooling-model/4.14.0/camel-tooling-model-4.14.0.jar:/home/codespace/.m2/repository/org/apache/camel/camel-core-engine/4.14.0/camel-core-engine-4.14.0.jar:/home/codespace/.m2/repository/org/apache/camel/camel-base-engine/4.14.0/camel-base-engine-4.14.0.jar:/home/codespace/.m2/repository/org/apache/camel/camel-core-reifier/4.14.0/camel-core-reifier-4.14.0.jar:/home/codespace/.m2/repository/org/apache/camel/camel-core-languages/4.14.0/camel-core-languages-4.14.0.jar:/home/codespace/.m2/repository/org/apache/camel/camel-core-model/4.14.0/camel-core-model-4.14.0.jar:/home/codespace/.m2/repository/org/apache/camel/camel-xml-jaxp-util/4.14.0/camel-xml-jaxp-util-4.14.0.jar:/home/codespace/.m2/repository/org/apache/camel/camel-core-processor/4.14.0/camel-core-processor-4.14.0.jar:/home/codespace/.m2/repository/org/apache/camel/camel-endpointdsl/4.14.0/camel-endpointdsl-4.14.0.jar:/home/codespace/.m2/repository/org/apache/camel/camel-main/4.14.0/camel-main-4.14.0.jar:/home/codespace/.m2/repository/org/apache/camel/camel-microprofile-config/4.14.0/camel-microprofile-config-4.14.0.jar:/home/codespace/.m2/repository/org/eclipse/microprofile/config/microprofile-config-api/3.1/microprofile-config-api-3.1.jar:/home/codespace/.m2/repository/org/apache/camel/quarkus/camel-quarkus-timer/3.26.0/camel-quarkus-timer-3.26.0.jar:/home/codespace/.m2/repository/org/apache/camel/camel-timer/4.14.0/camel-timer-4.14.0.jar:/home/codespace/.m2/repository/io/quarkus/quarkus-resteasy/3.26.4/quarkus-resteasy-3.26.4.jar:/home/codespace/.m2/repository/io/quarkus/vertx/utils/quarkus-vertx-utils/3.26.4/quarkus-vertx-utils-3.26.4.jar:/home/codespace/.m2/repository/io/quarkus/quarkus-resteasy-server-common/3.26.4/quarkus-resteasy-server-common-3.26.4.jar:/home/codespace/.m2/repository/io/quarkus/quarkus-resteasy-common/3.26.4/quarkus-resteasy-common-3.26.4.jar:/home/codespace/.m2/repository/jakarta/ws/rs/jakarta.ws.rs-api/3.1.0/jakarta.ws.rs-api-3.1.0.jar:/home/codespace/.m2/repository/org/jboss/resteasy/microprofile/microprofile-config/3.0.1.Final/microprofile-config-3.0.1.Final.jar:/home/codespace/.m2/repository/org/jboss/resteasy/resteasy-cdi/6.2.12.Final/resteasy-cdi-6.2.12.Final.jar:/home/codespace/.m2/repository/jakarta/validation/jakarta.validation-api/3.1.1/jakarta.validation-api-3.1.1.jar:/home/codespace/.m2/repository/io/quarkus/quarkus-resteasy-jackson/3.26.4/quarkus-resteasy-jackson-3.26.4.jar:/home/codespace/.m2/repository/org/jboss/resteasy/resteasy-jackson2-provider/6.2.12.Final/resteasy-jackson2-provider-6.2.12.Final.jar:/home/codespace/.m2/repository/org/jboss/resteasy/resteasy-core-spi/6.2.12.Final/resteasy-core-spi-6.2.12.Final.jar:/home/codespace/.m2/repository/org/reactivestreams/reactive-streams/1.0.4/reactive-streams-1.0.4.jar:/home/codespace/.m2/repository/org/jboss/resteasy/resteasy-core/6.2.12.Final/resteasy-core-6.2.12.Final.jar:/home/codespace/.m2/repository/com/ibm/async/asyncutil/0.1.0/asyncutil-0.1.0.jar:/home/codespace/.m2/repository/com/fasterxml/jackson/jakarta/rs/jackson-jakarta-rs-base/2.19.2/jackson-jakarta-rs-base-2.19.2.jar:/home/codespace/.m2/repository/com/fasterxml/jackson/jakarta/rs/jackson-jakarta-rs-json-provider/2.19.2/jackson-jakarta-rs-json-provider-2.19.2.jar:/home/codespace/.m2/repository/com/github/java-json-tools/json-patch/1.13/json-patch-1.13.jar:/home/codespace/.m2/repository/com/github/java-json-tools/msg-simple/1.2/msg-simple-1.2.jar:/home/codespace/.m2/repository/com/github/java-json-tools/btf/1.3/btf-1.3.jar:/home/codespace/.m2/repository/com/github/java-json-tools/jackson-coreutils/2.0/jackson-coreutils-2.0.jar:/home/codespace/.m2/repository/io/quarkus/quarkus-arc/3.26.4/quarkus-arc-3.26.4.jar:/home/codespace/.m2/repository/io/quarkus/arc/arc/3.26.4/arc-3.26.4.jar:/home/codespace/.m2/repository/jakarta/transaction/jakarta.transaction-api/2.0.1/jakarta.transaction-api-2.0.1.jar:/home/codespace/.m2/repository/org/eclipse/microprofile/context-propagation/microprofile-context-propagation-api/1.3/microprofile-context-propagation-api-1.3.jar:/home/codespace/.m2/repository/org/apache/camel/quarkus/camel-quarkus-vertx/3.26.0/camel-quarkus-vertx-3.26.0.jar:/home/codespace/.m2/repository/io/quarkus/quarkus-vertx/3.26.4/quarkus-vertx-3.26.4.jar:/home/codespace/.m2/repository/io/quarkus/quarkus-netty/3.26.4/quarkus-netty-3.26.4.jar:/home/codespace/.m2/repository/io/netty/netty-codec/4.1.127.Final/netty-codec-4.1.127.Final.jar:/home/codespace/.m2/repository/io/netty/netty-codec-haproxy/4.1.127.Final/netty-codec-haproxy-4.1.127.Final.jar:/home/codespace/.m2/repository/io/smallrye/common/smallrye-common-annotation/2.13.9/smallrye-common-annotation-2.13.9.jar:/home/codespace/.m2/repository/io/quarkus/quarkus-vertx-latebound-mdc-provider/3.26.4/quarkus-vertx-latebound-mdc-provider-3.26.4.jar:/home/codespace/.m2/repository/io/smallrye/smallrye-fault-tolerance-vertx/6.9.3/smallrye-fault-tolerance-vertx-6.9.3.jar:/home/codespace/.m2/repository/org/apache/camel/camel-vertx/4.14.0/camel-vertx-4.14.0.jar:/home/codespace/.m2/repository/io/smallrye/reactive/smallrye-mutiny-vertx-core/3.19.2/smallrye-mutiny-vertx-core-3.19.2.jar:/home/codespace/.m2/repository/io/smallrye/reactive/mutiny/2.9.4/mutiny-2.9.4.jar:/home/codespace/.m2/repository/org/jctools/jctools-core/4.0.5/jctools-core-4.0.5.jar:/home/codespace/.m2/repository/io/smallrye/reactive/smallrye-mutiny-vertx-runtime/3.19.2/smallrye-mutiny-vertx-runtime-3.19.2.jar:/home/codespace/.m2/repository/io/vertx/vertx-core/4.5.21/vertx-core-4.5.21.jar:/home/codespace/.m2/repository/io/netty/netty-common/4.1.127.Final/netty-common-4.1.127.Final.jar:/home/codespace/.m2/repository/io/netty/netty-buffer/4.1.127.Final/netty-buffer-4.1.127.Final.jar:/home/codespace/.m2/repository/io/netty/netty-transport/4.1.127.Final/netty-transport-4.1.127.Final.jar:/home/codespace/.m2/repository/io/netty/netty-handler/4.1.127.Final/netty-handler-4.1.127.Final.jar:/home/codespace/.m2/repository/io/netty/netty-transport-native-unix-common/4.1.127.Final/netty-transport-native-unix-common-4.1.127.Final.jar:/home/codespace/.m2/repository/io/netty/netty-handler-proxy/4.1.127.Final/netty-handler-proxy-4.1.127.Final.jar:/home/codespace/.m2/repository/io/netty/netty-codec-socks/4.1.127.Final/netty-codec-socks-4.1.127.Final.jar:/home/codespace/.m2/repository/io/netty/netty-codec-http/4.1.127.Final/netty-codec-http-4.1.127.Final.jar:/home/codespace/.m2/repository/io/netty/netty-codec-http2/4.1.127.Final/netty-codec-http2-4.1.127.Final.jar:/home/codespace/.m2/repository/io/netty/netty-resolver/4.1.127.Final/netty-resolver-4.1.127.Final.jar:/home/codespace/.m2/repository/io/netty/netty-resolver-dns/4.1.127.Final/netty-resolver-dns-4.1.127.Final.jar:/home/codespace/.m2/repository/io/netty/netty-codec-dns/4.1.127.Final/netty-codec-dns-4.1.127.Final.jar:/home/codespace/.m2/repository/io/smallrye/reactive/vertx-mutiny-generator/3.19.2/vertx-mutiny-generator-3.19.2.jar:/home/codespace/.m2/repository/io/vertx/vertx-codegen/4.5.21/vertx-codegen-4.5.21.jar:/home/codespace/.m2/repository/io/quarkus/quarkus-junit5/3.26.4/quarkus-junit5-3.26.4.jar:/home/codespace/.m2/repository/io/quarkus/quarkus-bootstrap-core/3.26.4/quarkus-bootstrap-core-3.26.4.jar:/home/codespace/.m2/repository/io/quarkus/quarkus-classloader-commons/3.26.4/quarkus-classloader-commons-3.26.4.jar:/home/codespace/.m2/repository/io/quarkus/quarkus-bootstrap-app-model/3.26.4/quarkus-bootstrap-app-model-3.26.4.jar:/home/codespace/.m2/repository/io/smallrye/common/smallrye-common-io/2.13.9/smallrye-common-io-2.13.9.jar:/home/codespace/.m2/repository/org/eclipse/sisu/org.eclipse.sisu.inject/0.9.0.M4/org.eclipse.sisu.inject-0.9.0.M4.jar:/home/codespace/.m2/repository/org/ow2/asm/asm/9.8/asm-9.8.jar:/home/codespace/.m2/repository/io/quarkus/quarkus-test-common/3.26.4/quarkus-test-common-3.26.4.jar:/home/codespace/.m2/repository/io/quarkus/quarkus-core-deployment/3.26.4/quarkus-core-deployment-3.26.4.jar:/home/codespace/.m2/repository/org/aesh/readline/2.6/readline-2.6.jar:/home/codespace/.m2/repository/org/fusesource/jansi/jansi/2.4.0/jansi-2.4.0.jar:/home/codespace/.m2/repository/org/aesh/aesh/2.8.2/aesh-2.8.2.jar:/home/codespace/.m2/repository/io/quarkus/gizmo/gizmo/1.9.0/gizmo-1.9.0.jar:/home/codespace/.m2/repository/org/ow2/asm/asm-util/9.8/asm-util-9.8.jar:/home/codespace/.m2/repository/org/ow2/asm/asm-analysis/9.8/asm-analysis-9.8.jar:/home/codespace/.m2/repository/io/quarkus/gizmo/gizmo2/2.0.0.Beta6/gizmo2-2.0.0.Beta6.jar:/home/codespace/.m2/repository/io/github/dmlloyd/jdk-classfile-backport/24.0/jdk-classfile-backport-24.0.jar:/home/codespace/.m2/repository/io/smallrye/common/smallrye-common-resource/2.13.9/smallrye-common-resource-2.13.9.jar:/home/codespace/.m2/repository/io/smallrye/jandex-gizmo2/3.4.0/jandex-gizmo2-3.4.0.jar:/home/codespace/.m2/repository/io/smallrye/common/smallrye-common-process/2.13.9/smallrye-common-process-2.13.9.jar:/home/codespace/.m2/repository/org/ow2/asm/asm-commons/9.8/asm-commons-9.8.jar:/home/codespace/.m2/repository/org/ow2/asm/asm-tree/9.8/asm-tree-9.8.jar:/home/codespace/.m2/repository/io/quarkus/quarkus-hibernate-validator-spi/3.26.4/quarkus-hibernate-validator-spi-3.26.4.jar:/home/codespace/.m2/repository/io/quarkus/quarkus-class-change-agent/3.26.4/quarkus-class-change-agent-3.26.4.jar:/home/codespace/.m2/repository/io/quarkus/quarkus-builder/3.26.4/quarkus-builder-3.26.4.jar:/home/codespace/.m2/repository/org/graalvm/sdk/nativeimage/23.1.2/nativeimage-23.1.2.jar:/home/codespace/.m2/repository/org/graalvm/sdk/word/23.1.2/word-23.1.2.jar:/home/codespace/.m2/repository/org/junit/platform/junit-platform-launcher/1.13.4/junit-platform-launcher-1.13.4.jar:/home/codespace/.m2/repository/io/quarkus/quarkus-bootstrap-maven-resolver/3.26.4/quarkus-bootstrap-maven-resolver-3.26.4.jar:/home/codespace/.m2/repository/io/smallrye/beanbag/smallrye-beanbag-maven/1.5.3/smallrye-beanbag-maven-1.5.3.jar:/home/codespace/.m2/repository/io/smallrye/beanbag/smallrye-beanbag-sisu/1.5.3/smallrye-beanbag-sisu-1.5.3.jar:/home/codespace/.m2/repository/io/smallrye/beanbag/smallrye-beanbag/1.5.3/smallrye-beanbag-1.5.3.jar:/home/codespace/.m2/repository/javax/inject/javax.inject/1/javax.inject-1.jar:/home/codespace/.m2/repository/org/apache/maven/maven-artifact/3.9.9/maven-artifact-3.9.9.jar:/home/codespace/.m2/repository/org/apache/maven/maven-builder-support/3.9.9/maven-builder-support-3.9.9.jar:/home/codespace/.m2/repository/org/apache/maven/maven-model/3.9.9/maven-model-3.9.9.jar:/home/codespace/.m2/repository/org/apache/maven/maven-model-builder/3.9.9/maven-model-builder-3.9.9.jar:/home/codespace/.m2/repository/org/apache/maven/maven-repository-metadata/3.9.9/maven-repository-metadata-3.9.9.jar:/home/codespace/.m2/repository/org/apache/maven/maven-settings/3.9.9/maven-settings-3.9.9.jar:/home/codespace/.m2/repository/org/apache/maven/resolver/maven-resolver-api/1.9.22/maven-resolver-api-1.9.22.jar:/home/codespace/.m2/repository/org/apache/maven/resolver/maven-resolver-impl/1.9.22/maven-resolver-impl-1.9.22.jar:/home/codespace/.m2/repository/org/apache/maven/resolver/maven-resolver-named-locks/1.9.22/maven-resolver-named-locks-1.9.22.jar:/home/codespace/.m2/repository/org/apache/maven/resolver/maven-resolver-spi/1.9.22/maven-resolver-spi-1.9.22.jar:/home/codespace/.m2/repository/org/apache/maven/resolver/maven-resolver-util/1.9.22/maven-resolver-util-1.9.22.jar:/home/codespace/.m2/repository/org/apache/maven/resolver/maven-resolver-transport-http/1.9.23/maven-resolver-transport-http-1.9.23.jar:/home/codespace/.m2/repository/org/apache/maven/wagon/wagon-provider-api/3.5.3/wagon-provider-api-3.5.3.jar:/home/codespace/.m2/repository/org/apache/maven/wagon/wagon-http-shared/3.5.3/wagon-http-shared-3.5.3.jar:/home/codespace/.m2/repository/org/codehaus/plexus/plexus-interpolation/1.26/plexus-interpolation-1.26.jar:/home/codespace/.m2/repository/org/codehaus/plexus/plexus-utils/3.5.1/plexus-utils-3.5.1.jar:/home/codespace/.m2/repository/org/codehaus/plexus/plexus-xml/4.0.2/plexus-xml-4.0.2.jar:/home/codespace/.m2/repository/org/apache/maven/maven-xml-impl/4.0.0-alpha-7/maven-xml-impl-4.0.0-alpha-7.jar:/home/codespace/.m2/repository/org/apache/maven/maven-api-xml/4.0.0-alpha-7/maven-api-xml-4.0.0-alpha-7.jar:/home/codespace/.m2/repository/org/apache/maven/maven-api-meta/4.0.0-alpha-7/maven-api-meta-4.0.0-alpha-7.jar:/home/codespace/.m2/repository/org/codehaus/plexus/plexus-cipher/2.0/plexus-cipher-2.0.jar:/home/codespace/.m2/repository/org/codehaus/plexus/plexus-sec-dispatcher/2.0/plexus-sec-dispatcher-2.0.jar:/home/codespace/.m2/repository/io/quarkus/quarkus-bootstrap-maven4-resolver/3.26.4/quarkus-bootstrap-maven4-resolver-3.26.4.jar:/home/codespace/.m2/repository/org/apache/maven/maven-embedder/3.9.9/maven-embedder-3.9.9.jar:/home/codespace/.m2/repository/org/apache/maven/maven-core/3.9.9/maven-core-3.9.9.jar:/home/codespace/.m2/repository/org/codehaus/plexus/plexus-component-annotations/2.1.0/plexus-component-annotations-2.1.0.jar:/home/codespace/.m2/repository/org/apache/maven/maven-plugin-api/3.9.9/maven-plugin-api-3.9.9.jar:/home/codespace/.m2/repository/org/apache/maven/shared/maven-shared-utils/3.4.2/maven-shared-utils-3.4.2.jar:/home/codespace/.m2/repository/com/google/inject/guice/5.1.0/guice-5.1.0.jar:/home/codespace/.m2/repository/aopalliance/aopalliance/1.0/aopalliance-1.0.jar:/home/codespace/.m2/repository/com/google/guava/guava/33.4.8-jre/guava-33.4.8-jre.jar:/home/codespace/.m2/repository/org/jspecify/jspecify/1.0.0/jspecify-1.0.0.jar:/home/codespace/.m2/repository/com/google/guava/failureaccess/1.0.1/failureaccess-1.0.1.jar:/home/codespace/.m2/repository/javax/annotation/javax.annotation-api/1.3.2/javax.annotation-api-1.3.2.jar:/home/codespace/.m2/repository/org/codehaus/plexus/plexus-classworlds/2.6.0/plexus-classworlds-2.6.0.jar:/home/codespace/.m2/repository/commons-cli/commons-cli/1.8.0/commons-cli-1.8.0.jar:/home/codespace/.m2/repository/org/eclipse/sisu/org.eclipse.sisu.plexus/0.9.0.M4/org.eclipse.sisu.plexus-0.9.0.M4.jar:/home/codespace/.m2/repository/org/apache/maven/maven-settings-builder/3.9.9/maven-settings-builder-3.9.9.jar:/home/codespace/.m2/repository/org/apache/maven/maven-resolver-provider/3.9.9/maven-resolver-provider-3.9.9.jar:/home/codespace/.m2/repository/org/apache/maven/resolver/maven-resolver-connector-basic/1.9.22/maven-resolver-connector-basic-1.9.22.jar:/home/codespace/.m2/repository/org/apache/maven/resolver/maven-resolver-transport-wagon/1.9.22/maven-resolver-transport-wagon-1.9.22.jar:/home/codespace/.m2/repository/org/apache/maven/wagon/wagon-http/3.5.3/wagon-http-3.5.3.jar:/home/codespace/.m2/repository/org/apache/maven/wagon/wagon-file/3.5.3/wagon-file-3.5.3.jar:/home/codespace/.m2/repository/io/quarkus/quarkus-bootstrap-gradle-resolver/3.26.4/quarkus-bootstrap-gradle-resolver-3.26.4.jar:/home/codespace/.m2/repository/io/smallrye/jandex/3.4.0/jandex-3.4.0.jar:/home/codespace/.m2/repository/commons-io/commons-io/2.20.0/commons-io-2.20.0.jar:/home/codespace/.m2/repository/org/jboss/logging/commons-logging-jboss-logging/1.0.0.Final/commons-logging-jboss-logging-1.0.0.Final.jar:/home/codespace/.m2/repository/io/quarkus/quarkus-junit5-config/3.26.4/quarkus-junit5-config-3.26.4.jar:/home/codespace/.m2/repository/org/junit/jupiter/junit-jupiter-api/5.13.4/junit-jupiter-api-5.13.4.jar:/home/codespace/.m2/repository/org/opentest4j/opentest4j/1.3.0/opentest4j-1.3.0.jar:/home/codespace/.m2/repository/org/junit/platform/junit-platform-commons/1.13.4/junit-platform-commons-1.13.4.jar:/home/codespace/.m2/repository/org/apiguardian/apiguardian-api/1.1.2/apiguardian-api-1.1.2.jar:/home/codespace/.m2/repository/org/junit/jupiter/junit-jupiter/5.13.4/junit-jupiter-5.13.4.jar:/home/codespace/.m2/repository/org/junit/jupiter/junit-jupiter-params/5.13.4/junit-jupiter-params-5.13.4.jar:/home/codespace/.m2/repository/org/junit/jupiter/junit-jupiter-engine/5.13.4/junit-jupiter-engine-5.13.4.jar:/home/codespace/.m2/repository/org/junit/platform/junit-platform-engine/1.13.4/junit-platform-engine-1.13.4.jar:/home/codespace/.m2/repository/org/apache/camel/quarkus/camel-quarkus-direct/3.26.0/camel-quarkus-direct-3.26.0.jar:/home/codespace/.m2/repository/org/apache/camel/camel-direct/4.14.0/camel-direct-4.14.0.jar:/home/codespace/.m2/repository/io/rest-assured/rest-assured/5.5.6/rest-assured-5.5.6.jar:/home/codespace/.m2/repository/org/apache/groovy/groovy/4.0.28/groovy-4.0.28.jar:/home/codespace/.m2/repository/org/apache/groovy/groovy-xml/4.0.22/groovy-xml-4.0.22.jar:/home/codespace/.m2/repository/org/apache/httpcomponents/httpclient/4.5.14/httpclient-4.5.14.jar:/home/codespace/.m2/repository/org/apache/httpcomponents/httpcore/4.4.16/httpcore-4.4.16.jar:/home/codespace/.m2/repository/commons-codec/commons-codec/1.19.0/commons-codec-1.19.0.jar:/home/codespace/.m2/repository/org/apache/httpcomponents/httpmime/4.5.14/httpmime-4.5.14.jar:/home/codespace/.m2/repository/org/hamcrest/hamcrest/2.2/hamcrest-2.2.jar:/home/codespace/.m2/repository/org/ccil/cowan/tagsoup/tagsoup/1.2.1/tagsoup-1.2.1.jar:/home/codespace/.m2/repository/io/rest-assured/json-path/5.5.6/json-path-5.5.6.jar:/home/codespace/.m2/repository/org/apache/groovy/groovy-json/4.0.22/groovy-json-4.0.22.jar:/home/codespace/.m2/repository/io/rest-assured/rest-assured-common/5.5.6/rest-assured-common-5.5.6.jar:/home/codespace/.m2/repository/io/rest-assured/xml-path/5.5.6/xml-path-5.5.6.jar:/home/codespace/.m2/repository/org/apache/commons/commons-lang3/3.18.0/commons-lang3-3.18.0.jar:/home/codespace/.m2/repository/io/vertx/vertx-web-client/4.5.21/vertx-web-client-4.5.21.jar:/home/codespace/.m2/repository/io/vertx/vertx-uri-template/4.5.21/vertx-uri-template-4.5.21.jar:/home/codespace/.m2/repository/io/vertx/vertx-web-common/4.5.21/vertx-web-common-4.5.21.jar:/home/codespace/.m2/repository/io/vertx/vertx-auth-common/4.5.21/vertx-auth-common-4.5.21.jar:/home/codespace/.m2/repository/io/quarkus/quarkus-scheduler/3.26.4/quarkus-scheduler-3.26.4.jar:/home/codespace/.m2/repository/io/quarkus/quarkus-scheduler-kotlin/3.26.4/quarkus-scheduler-kotlin-3.26.4.jar:/home/codespace/.m2/repository/io/quarkus/quarkus-scheduler-common/3.26.4/quarkus-scheduler-common-3.26.4.jar:/home/codespace/.m2/repository/io/quarkus/quarkus-scheduler-api/3.26.4/quarkus-scheduler-api-3.26.4.jar:/home/codespace/.m2/repository/io/quarkus/quarkus-scheduler-spi/3.26.4/quarkus-scheduler-spi-3.26.4.jar:/home/codespace/.m2/repository/io/opentelemetry/instrumentation/opentelemetry-instrumentation-api/2.10.0/opentelemetry-instrumentation-api-2.10.0.jar:/home/codespace/.m2/repository/io/opentelemetry/opentelemetry-api/1.44.1/opentelemetry-api-1.44.1.jar:/home/codespace/.m2/repository/io/opentelemetry/opentelemetry-context/1.44.1/opentelemetry-context-1.44.1.jar:/home/codespace/.m2/repository/io/opentelemetry/opentelemetry-api-incubator/1.44.1-alpha/opentelemetry-api-incubator-1.44.1-alpha.jar:/home/codespace/.m2/repository/io/opentelemetry/semconv/opentelemetry-semconv/1.28.0-alpha/opentelemetry-semconv-1.28.0-alpha.jar:/home/codespace/.m2/repository/com/cronutils/cron-utils/9.2.1/cron-utils-9.2.1.jar:/home/codespace/.m2/repository/io/quarkus/quarkus-virtual-threads/3.26.4/quarkus-virtual-threads-3.26.4.jar:/home/codespace/.m2/repository/org/jboss/slf4j/slf4j-jboss-logmanager/2.0.0.Final/slf4j-jboss-logmanager-2.0.0.Final.jar:/home/codespace/.m2/repository/org/glassfish/expressly/expressly/6.0.0/expressly-6.0.0.jar:/home/codespace/.m2/repository/jakarta/el/jakarta.el-api/6.0.1/jakarta.el-api-6.0.1.jar:"/>
    <property name="java.vm.vendor" value="Microsoft"/>
    <property name="sun.arch.data.model" value="64"/>
    <property name="java.vendor.url" value="https://www.microsoft.com"/>
    <property name="user.timezone" value="Etc/UTC"/>
    <property name="os.name" value="Linux"/>
    <property name="java.vm.specification.version" value="21"/>
    <property name="sun.java.launcher" value="SUN_STANDARD"/>
    <property name="sun.boot.library.path" value="/usr/local/sdkman/candidates/java/21.0.7-ms/lib"/>
    <property name="sun.java.command" value="/workspaces/EmailProcessor/cs-client/target/surefire/surefirebooter-20250920014744761_3.jar /workspaces/EmailProcessor/cs-client/target/surefire 2025-09-20T01-47-44_675-jvmRun1 surefire-20250920014744761_1tmp surefire_0-20250920014744761_2tmp"/>
    <property name="jdk.debug" value="release"/>
    <property name="maven.home" value="/usr/local/sdkman/candidates/maven/current"/>
    <property name="surefire.test.class.path" value="/workspaces/EmailProcessor/cs-client/target/test-classes:/workspaces/EmailProcessor/cs-client/target/classes:/home/codespace/.m2/repository/org/apache/camel/quarkus/camel-quarkus-jackson/3.26.0/camel-quarkus-jackson-3.26.0.jar:/home/codespace/.m2/repository/io/quarkus/quarkus-jaxp/3.26.4/quarkus-jaxp-3.26.4.jar:/home/codespace/.m2/repository/io/quarkus/quarkus-jackson/3.26.4/quarkus-jackson-3.26.4.jar:/home/codespace/.m2/repository/com/fasterxml/jackson/core/jackson-databind/2.19.2/jackson-databind-2.19.2.jar:/home/codespace/.m2/repository/com/fasterxml/jackson/datatype/jackson-datatype-jsr310/2.19.2/jackson-datatype-jsr310-2.19.2.jar:/home/codespace/.m2/repository/com/fasterxml/jackson/datatype/jackson-datatype-jdk8/2.19.2/jackson-datatype-jdk8-2.19.2.jar:/home/codespace/.m2/repository/com/fasterxml/jackson/module/jackson-module-parameter-names/2.19.2/jackson-module-parameter-names-2.19.2.jar:/home/codespace/.m2/repository/com/fasterxml/jackson/module/jackson-module-jakarta-xmlbind-annotations/2.19.2/jackson-module-jakarta-xmlbind-annotations-2.19.2.jar:/home/codespace/.m2/repository/com/fasterxml/jackson/core/jackson-annotations/2.19.2/jackson-annotations-2.19.2.jar:/home/codespace/.m2/repository/com/fasterxml/jackson/core/jackson-core/2.19.2/jackson-core-2.19.2.jar:/home/codespace/.m2/repository/jakarta/activation/jakarta.activation-api/2.1.3/jakarta.activation-api-2.1.3.jar:/home/codespace/.m2/repository/org/apache/camel/camel-jackson/4.14.0/camel-jackson-4.14.0.jar:/home/codespace/.m2/repository/jakarta/xml/bind/jakarta.xml.bind-api/4.0.2/jakarta.xml.bind-api-4.0.2.jar:/home/codespace/.m2/repository/org/eclipse/angus/angus-activation/2.0.2/angus-activation-2.0.2.jar:/home/codespace/.m2/repository/org/apache/camel/quarkus/camel-quarkus-http/3.26.0/camel-quarkus-http-3.26.0.jar:/home/codespace/.m2/repository/org/apache/camel/quarkus/camel-quarkus-http-common/3.26.0/camel-quarkus-http-common-3.26.0.jar:/home/codespace/.m2/repository/org/apache/camel/quarkus/camel-quarkus-core-cloud/3.26.0/camel-quarkus-core-cloud-3.26.0.jar:/home/codespace/.m2/repository/org/apache/camel/camel-http-common/4.14.0/camel-http-common-4.14.0.jar:/home/codespace/.m2/repository/org/apache/camel/camel-http-base/4.14.0/camel-http-base-4.14.0.jar:/home/codespace/.m2/repository/jakarta/servlet/jakarta.servlet-api/6.0.0/jakarta.servlet-api-6.0.0.jar:/home/codespace/.m2/repository/org/apache/camel/quarkus/camel-quarkus-support-httpclient5/3.26.0/camel-quarkus-support-httpclient5-3.26.0.jar:/home/codespace/.m2/repository/org/apache/httpcomponents/client5/httpclient5/5.5/httpclient5-5.5.jar:/home/codespace/.m2/repository/org/apache/camel/camel-http/4.14.0/camel-http-4.14.0.jar:/home/codespace/.m2/repository/org/apache/camel/camel-cloud/4.14.0/camel-cloud-4.14.0.jar:/home/codespace/.m2/repository/org/apache/camel/camel-file/4.14.0/camel-file-4.14.0.jar:/home/codespace/.m2/repository/org/apache/camel/camel-cluster/4.14.0/camel-cluster-4.14.0.jar:/home/codespace/.m2/repository/org/apache/camel/camel-util-json/4.14.0/camel-util-json-4.14.0.jar:/home/codespace/.m2/repository/org/apache/httpcomponents/core5/httpcore5/5.3.4/httpcore5-5.3.4.jar:/home/codespace/.m2/repository/org/apache/httpcomponents/core5/httpcore5-h2/5.3.4/httpcore5-h2-5.3.4.jar:/home/codespace/.m2/repository/org/apache/camel/quarkus/camel-quarkus-platform-http/3.26.0/camel-quarkus-platform-http-3.26.0.jar:/home/codespace/.m2/repository/org/apache/camel/quarkus/camel-quarkus-attachments/3.26.0/camel-quarkus-attachments-3.26.0.jar:/home/codespace/.m2/repository/org/apache/camel/camel-attachments/4.14.0/camel-attachments-4.14.0.jar:/home/codespace/.m2/repository/org/apache/camel/camel-platform-http-vertx/4.14.0/camel-platform-http-vertx-4.14.0.jar:/home/codespace/.m2/repository/org/apache/camel/camel-platform-http/4.14.0/camel-platform-http-4.14.0.jar:/home/codespace/.m2/repository/org/apache/camel/camel-vertx-common/4.14.0/camel-vertx-common-4.14.0.jar:/home/codespace/.m2/repository/io/vertx/vertx-web/4.5.21/vertx-web-4.5.21.jar:/home/codespace/.m2/repository/io/vertx/vertx-bridge-common/4.5.21/vertx-bridge-common-4.5.21.jar:/home/codespace/.m2/repository/io/quarkus/quarkus-vertx-http/3.26.4/quarkus-vertx-http-3.26.4.jar:/home/codespace/.m2/repository/io/quarkus/quarkus-security-runtime-spi/3.26.4/quarkus-security-runtime-spi-3.26.4.jar:/home/codespace/.m2/repository/io/quarkus/quarkus-tls-registry/3.26.4/quarkus-tls-registry-3.26.4.jar:/home/codespace/.m2/repository/io/quarkus/quarkus-tls-registry-spi/3.26.4/quarkus-tls-registry-spi-3.26.4.jar:/home/codespace/.m2/repository/io/smallrye/certs/smallrye-private-key-pem-parser/0.9.2/smallrye-private-key-pem-parser-0.9.2.jar:/home/codespace/.m2/repository/io/quarkus/quarkus-credentials/3.26.4/quarkus-credentials-3.26.4.jar:/home/codespace/.m2/repository/io/quarkus/quarkus-mutiny/3.26.4/quarkus-mutiny-3.26.4.jar:/home/codespace/.m2/repository/io/quarkus/quarkus-smallrye-context-propagation/3.26.4/quarkus-smallrye-context-propagation-3.26.4.jar:/home/codespace/.m2/repository/io/smallrye/smallrye-context-propagation/2.2.1/smallrye-context-propagation-2.2.1.jar:/home/codespace/.m2/repository/io/smallrye/smallrye-context-propagation-api/2.2.1/smallrye-context-propagation-api-2.2.1.jar:/home/codespace/.m2/repository/io/smallrye/smallrye-context-propagation-storage/2.2.1/smallrye-context-propagation-storage-2.2.1.jar:/home/codespace/.m2/repository/io/smallrye/reactive/mutiny-smallrye-context-propagation/2.9.4/mutiny-smallrye-context-propagation-2.9.4.jar:/home/codespace/.m2/repository/io/smallrye/common/smallrye-common-vertx-context/2.13.9/smallrye-common-vertx-context-2.13.9.jar:/home/codespace/.m2/repository/io/smallrye/common/smallrye-common-constraint/2.13.9/smallrye-common-constraint-2.13.9.jar:/home/codespace/.m2/repository/io/quarkus/security/quarkus-security/2.2.1/quarkus-security-2.2.1.jar:/home/codespace/.m2/repository/io/smallrye/reactive/smallrye-mutiny-vertx-web/3.19.2/smallrye-mutiny-vertx-web-3.19.2.jar:/home/codespace/.m2/repository/io/smallrye/reactive/smallrye-mutiny-vertx-web-common/3.19.2/smallrye-mutiny-vertx-web-common-3.19.2.jar:/home/codespace/.m2/repository/io/smallrye/reactive/smallrye-mutiny-vertx-auth-common/3.19.2/smallrye-mutiny-vertx-auth-common-3.19.2.jar:/home/codespace/.m2/repository/io/smallrye/reactive/smallrye-mutiny-vertx-bridge-common/3.19.2/smallrye-mutiny-vertx-bridge-common-3.19.2.jar:/home/codespace/.m2/repository/io/smallrye/reactive/smallrye-mutiny-vertx-uri-template/3.19.2/smallrye-mutiny-vertx-uri-template-3.19.2.jar:/home/codespace/.m2/repository/org/crac/crac/1.5.0/crac-1.5.0.jar:/home/codespace/.m2/repository/com/aayushatharva/brotli4j/brotli4j/1.16.0/brotli4j-1.16.0.jar:/home/codespace/.m2/repository/com/aayushatharva/brotli4j/service/1.16.0/service-1.16.0.jar:/home/codespace/.m2/repository/com/aayushatharva/brotli4j/native-linux-x86_64/1.16.0/native-linux-x86_64-1.16.0.jar:/home/codespace/.m2/repository/org/apache/camel/quarkus/camel-quarkus-core/3.26.0/camel-quarkus-core-3.26.0.jar:/home/codespace/.m2/repository/io/quarkus/quarkus-core/3.26.4/quarkus-core-3.26.4.jar:/home/codespace/.m2/repository/jakarta/annotation/jakarta.annotation-api/3.0.0/jakarta.annotation-api-3.0.0.jar:/home/codespace/.m2/repository/jakarta/enterprise/jakarta.enterprise.cdi-api/4.1.0/jakarta.enterprise.cdi-api-4.1.0.jar:/home/codespace/.m2/repository/jakarta/enterprise/jakarta.enterprise.lang-model/4.1.0/jakarta.enterprise.lang-model-4.1.0.jar:/home/codespace/.m2/repository/jakarta/interceptor/jakarta.interceptor-api/2.2.0/jakarta.interceptor-api-2.2.0.jar:/home/codespace/.m2/repository/jakarta/inject/jakarta.inject-api/2.0.1/jakarta.inject-api-2.0.1.jar:/home/codespace/.m2/repository/io/smallrye/common/smallrye-common-os/2.13.9/smallrye-common-os-2.13.9.jar:/home/codespace/.m2/repository/io/quarkus/quarkus-ide-launcher/3.26.4/quarkus-ide-launcher-3.26.4.jar:/home/codespace/.m2/repository/io/smallrye/config/smallrye-config/3.13.4/smallrye-config-3.13.4.jar:/home/codespace/.m2/repository/io/smallrye/config/smallrye-config-core/3.13.4/smallrye-config-core-3.13.4.jar:/home/codespace/.m2/repository/io/smallrye/common/smallrye-common-classloader/2.13.9/smallrye-common-classloader-2.13.9.jar:/home/codespace/.m2/repository/io/smallrye/config/smallrye-config-common/3.13.4/smallrye-config-common-3.13.4.jar:/home/codespace/.m2/repository/org/jboss/logging/jboss-logging/3.6.1.Final/jboss-logging-3.6.1.Final.jar:/home/codespace/.m2/repository/org/jboss/logmanager/jboss-logmanager/3.1.2.Final/jboss-logmanager-3.1.2.Final.jar:/home/codespace/.m2/repository/io/smallrye/common/smallrye-common-cpu/2.13.9/smallrye-common-cpu-2.13.9.jar:/home/codespace/.m2/repository/io/smallrye/common/smallrye-common-expression/2.13.9/smallrye-common-expression-2.13.9.jar:/home/codespace/.m2/repository/io/smallrye/common/smallrye-common-net/2.13.9/smallrye-common-net-2.13.9.jar:/home/codespace/.m2/repository/io/smallrye/common/smallrye-common-ref/2.13.9/smallrye-common-ref-2.13.9.jar:/home/codespace/.m2/repository/jakarta/json/jakarta.json-api/2.1.3/jakarta.json-api-2.1.3.jar:/home/codespace/.m2/repository/org/eclipse/parsson/parsson/1.1.7/parsson-1.1.7.jar:/home/codespace/.m2/repository/org/jboss/threads/jboss-threads/3.9.1/jboss-threads-3.9.1.jar:/home/codespace/.m2/repository/io/smallrye/common/smallrye-common-function/2.13.9/smallrye-common-function-2.13.9.jar:/home/codespace/.m2/repository/org/slf4j/slf4j-api/2.0.17/slf4j-api-2.0.17.jar:/home/codespace/.m2/repository/org/wildfly/common/wildfly-common/2.0.1/wildfly-common-2.0.1.jar:/home/codespace/.m2/repository/io/quarkus/quarkus-bootstrap-runner/3.26.4/quarkus-bootstrap-runner-3.26.4.jar:/home/codespace/.m2/repository/io/quarkus/quarkus-fs-util/1.1.0/quarkus-fs-util-1.1.0.jar:/home/codespace/.m2/repository/io/quarkus/quarkus-development-mode-spi/3.26.4/quarkus-development-mode-spi-3.26.4.jar:/home/codespace/.m2/repository/org/apache/camel/camel-base/4.14.0/camel-base-4.14.0.jar:/home/codespace/.m2/repository/org/apache/camel/camel-api/4.14.0/camel-api-4.14.0.jar:/home/codespace/.m2/repository/org/apache/camel/camel-management-api/4.14.0/camel-management-api-4.14.0.jar:/home/codespace/.m2/repository/org/apache/camel/camel-support/4.14.0/camel-support-4.14.0.jar:/home/codespace/.m2/repository/org/apache/camel/camel-util/4.14.0/camel-util-4.14.0.jar:/home/codespace/.m2/repository/org/apache/camel/camel-componentdsl/4.14.0/camel-componentdsl-4.14.0.jar:/home/codespace/.m2/repository/org/apache/camel/camel-core-catalog/4.14.0/camel-core-catalog-4.14.0.jar:/home/codespace/.m2/repository/org/apache/camel/camel-tooling-model/4.14.0/camel-tooling-model-4.14.0.jar:/home/codespace/.m2/repository/org/apache/camel/camel-core-engine/4.14.0/camel-core-engine-4.14.0.jar:/home/codespace/.m2/repository/org/apache/camel/camel-base-engine/4.14.0/camel-base-engine-4.14.0.jar:/home/codespace/.m2/repository/org/apache/camel/camel-core-reifier/4.14.0/camel-core-reifier-4.14.0.jar:/home/codespace/.m2/repository/org/apache/camel/camel-core-languages/4.14.0/camel-core-languages-4.14.0.jar:/home/codespace/.m2/repository/org/apache/camel/camel-core-model/4.14.0/camel-core-model-4.14.0.jar:/home/codespace/.m2/repository/org/apache/camel/camel-xml-jaxp-util/4.14.0/camel-xml-jaxp-util-4.14.0.jar:/home/codespace/.m2/repository/org/apache/camel/camel-core-processor/4.14.0/camel-core-processor-4.14.0.jar:/home/codespace/.m2/repository/org/apache/camel/camel-endpointdsl/4.14.0/camel-endpointdsl-4.14.0.jar:/home/codespace/.m2/repository/org/apache/camel/camel-main/4.14.0/camel-main-4.14.0.jar:/home/codespace/.m2/repository/org/apache/camel/camel-microprofile-config/4.14.0/camel-microprofile-config-4.14.0.jar:/home/codespace/.m2/repository/org/eclipse/microprofile/config/microprofile-config-api/3.1/microprofile-config-api-3.1.jar:/home/codespace/.m2/repository/org/apache/camel/quarkus/camel-quarkus-timer/3.26.0/camel-quarkus-timer-3.26.0.jar:/home/codespace/.m2/repository/org/apache/camel/camel-timer/4.14.0/camel-timer-4.14.0.jar:/home/codespace/.m2/repository/io/quarkus/quarkus-resteasy/3.26.4/quarkus-resteasy-3.26.4.jar:/home/codespace/.m2/repository/io/quarkus/vertx/utils/quarkus-vertx-utils/3.26.4/quarkus-vertx-utils-3.26.4.jar:/home/codespace/.m2/repository/io/quarkus/quarkus-resteasy-server-common/3.26.4/quarkus-resteasy-server-common-3.26.4.jar:/home/codespace/.m2/repository/io/quarkus/quarkus-resteasy-common/3.26.4/quarkus-resteasy-common-3.26.4.jar:/home/codespace/.m2/repository/jakarta/ws/rs/jakarta.ws.rs-api/3.1.0/jakarta.ws.rs-api-3.1.0.jar:/home/codespace/.m2/repository/org/jboss/resteasy/microprofile/microprofile-config/3.0.1.Final/microprofile-config-3.0.1.Final.jar:/home/codespace/.m2/repository/org/jboss/resteasy/resteasy-cdi/6.2.12.Final/resteasy-cdi-6.2.12.Final.jar:/home/codespace/.m2/repository/jakarta/validation/jakarta.validation-api/3.1.1/jakarta.validation-api-3.1.1.jar:/home/codespace/.m2/repository/io/quarkus/quarkus-resteasy-jackson/3.26.4/quarkus-resteasy-jackson-3.26.4.jar:/home/codespace/.m2/repository/org/jboss/resteasy/resteasy-jackson2-provider/6.2.12.Final/resteasy-jackson2-provider-6.2.12.Final.jar:/home/codespace/.m2/repository/org/jboss/resteasy/resteasy-core-spi/6.2.12.Final/resteasy-core-spi-6.2.12.Final.jar:/home/codespace/.m2/repository/org/reactivestreams/reactive-streams/1.0.4/reactive-streams-1.0.4.jar:/home/codespace/.m2/repository/org/jboss/resteasy/resteasy-core/6.2.12.Final/resteasy-core-6.2.12.Final.jar:/home/codespace/.m2/repository/com/ibm/async/asyncutil/0.1.0/asyncutil-0.1.0.jar:/home/codespace/.m2/repository/com/fasterxml/jackson/jakarta/rs/jackson-jakarta-rs-base/2.19.2/jackson-jakarta-rs-base-2.19.2.jar:/home/codespace/.m2/repository/com/fasterxml/jackson/jakarta/rs/jackson-jakarta-rs-json-provider/2.19.2/jackson-jakarta-rs-json-provider-2.19.2.jar:/home/codespace/.m2/repository/com/github/java-json-tools/json-patch/1.13/json-patch-1.13.jar:/home/codespace/.m2/repository/com/github/java-json-tools/msg-simple/1.2/msg-simple-1.2.jar:/home/codespace/.m2/repository/com/github/java-json-tools/btf/1.3/btf-1.3.jar:/home/codespace/.m2/repository/com/github/java-json-tools/jackson-coreutils/2.0/jackson-coreutils-2.0.jar:/home/codespace/.m2/repository/io/quarkus/quarkus-arc/3.26.4/quarkus-arc-3.26.4.jar:/home/codespace/.m2/repository/io/quarkus/arc/arc/3.26.4/arc-3.26.4.jar:/home/codespace/.m2/repository/jakarta/transaction/jakarta.transaction-api/2.0.1/jakarta.transaction-api-2.0.1.jar:/home/codespace/.m2/repository/org/eclipse/microprofile/context-propagation/microprofile-context-propagation-api/1.3/microprofile-context-propagation-api-1.3.jar:/home/codespace/.m2/repository/org/apache/camel/quarkus/camel-quarkus-vertx/3.26.0/camel-quarkus-vertx-3.26.0.jar:/home/codespace/.m2/repository/io/quarkus/quarkus-vertx/3.26.4/quarkus-vertx-3.26.4.jar:/home/codespace/.m2/repository/io/quarkus/quarkus-netty/3.26.4/quarkus-netty-3.26.4.jar:/home/codespace/.m2/repository/io/netty/netty-codec/4.1.127.Final/netty-codec-4.1.127.Final.jar:/home/codespace/.m2/repository/io/netty/netty-codec-haproxy/4.1.127.Final/netty-codec-haproxy-4.1.127.Final.jar:/home/codespace/.m2/repository/io/smallrye/common/smallrye-common-annotation/2.13.9/smallrye-common-annotation-2.13.9.jar:/home/codespace/.m2/repository/io/quarkus/quarkus-vertx-latebound-mdc-provider/3.26.4/quarkus-vertx-latebound-mdc-provider-3.26.4.jar:/home/codespace/.m2/repository/io/smallrye/smallrye-fault-tolerance-vertx/6.9.3/smallrye-fault-tolerance-vertx-6.9.3.jar:/home/codespace/.m2/repository/org/apache/camel/camel-vertx/4.14.0/camel-vertx-4.14.0.jar:/home/codespace/.m2/repository/io/smallrye/reactive/smallrye-mutiny-vertx-core/3.19.2/smallrye-mutiny-vertx-core-3.19.2.jar:/home/codespace/.m2/repository/io/smallrye/reactive/mutiny/2.9.4/mutiny-2.9.4.jar:/home/codespace/.m2/repository/org/jctools/jctools-core/4.0.5/jctools-core-4.0.5.jar:/home/codespace/.m2/repository/io/smallrye/reactive/smallrye-mutiny-vertx-runtime/3.19.2/smallrye-mutiny-vertx-runtime-3.19.2.jar:/home/codespace/.m2/repository/io/vertx/vertx-core/4.5.21/vertx-core-4.5.21.jar:/home/codespace/.m2/repository/io/netty/netty-common/4.1.127.Final/netty-common-4.1.127.Final.jar:/home/codespace/.m2/repository/io/netty/netty-buffer/4.1.127.Final/netty-buffer-4.1.127.Final.jar:/home/codespace/.m2/repository/io/netty/netty-transport/4.1.127.Final/netty-transport-4.1.127.Final.jar:/home/codespace/.m2/repository/io/netty/netty-handler/4.1.127.Final/netty-handler-4.1.127.Final.jar:/home/codespace/.m2/repository/io/netty/netty-transport-native-unix-common/4.1.127.Final/netty-transport-native-unix-common-4.1.127.Final.jar:/home/codespace/.m2/repository/io/netty/netty-handler-proxy/4.1.127.Final/netty-handler-proxy-4.1.127.Final.jar:/home/codespace/.m2/repository/io/netty/netty-codec-socks/4.1.127.Final/netty-codec-socks-4.1.127.Final.jar:/home/codespace/.m2/repository/io/netty/netty-codec-http/4.1.127.Final/netty-codec-http-4.1.127.Final.jar:/home/codespace/.m2/repository/io/netty/netty-codec-http2/4.1.127.Final/netty-codec-http2-4.1.127.Final.jar:/home/codespace/.m2/repository/io/netty/netty-resolver/4.1.127.Final/netty-resolver-4.1.127.Final.jar:/home/codespace/.m2/repository/io/netty/netty-resolver-dns/4.1.127.Final/netty-resolver-dns-4.1.127.Final.jar:/home/codespace/.m2/repository/io/netty/netty-codec-dns/4.1.127.Final/netty-codec-dns-4.1.127.Final.jar:/home/codespace/.m2/repository/io/smallrye/reactive/vertx-mutiny-generator/3.19.2/vertx-mutiny-generator-3.19.2.jar:/home/codespace/.m2/repository/io/vertx/vertx-codegen/4.5.21/vertx-codegen-4.5.21.jar:/home/codespace/.m2/repository/io/quarkus/quarkus-junit5/3.26.4/quarkus-junit5-3.26.4.jar:/home/codespace/.m2/repository/io/quarkus/quarkus-bootstrap-core/3.26.4/quarkus-bootstrap-core-3.26.4.jar:/home/codespace/.m2/repository/io/quarkus/quarkus-classloader-commons/3.26.4/quarkus-classloader-commons-3.26.4.jar:/home/codespace/.m2/repository/io/quarkus/quarkus-bootstrap-app-model/3.26.4/quarkus-bootstrap-app-model-3.26.4.jar:/home/codespace/.m2/repository/io/smallrye/common/smallrye-common-io/2.13.9/smallrye-common-io-2.13.9.jar:/home/codespace/.m2/repository/org/eclipse/sisu/org.eclipse.sisu.inject/0.9.0.M4/org.eclipse.sisu.inject-0.9.0.M4.jar:/home/codespace/.m2/repository/org/ow2/asm/asm/9.8/asm-9.8.jar:/home/codespace/.m2/repository/io/quarkus/quarkus-test-common/3.26.4/quarkus-test-common-3.26.4.jar:/home/codespace/.m2/repository/io/quarkus/quarkus-core-deployment/3.26.4/quarkus-core-deployment-3.26.4.jar:/home/codespace/.m2/repository/org/aesh/readline/2.6/readline-2.6.jar:/home/codespace/.m2/repository/org/fusesource/jansi/jansi/2.4.0/jansi-2.4.0.jar:/home/codespace/.m2/repository/org/aesh/aesh/2.8.2/aesh-2.8.2.jar:/home/codespace/.m2/repository/io/quarkus/gizmo/gizmo/1.9.0/gizmo-1.9.0.jar:/home/codespace/.m2/repository/org/ow2/asm/asm-util/9.8/asm-util-9.8.jar:/home/codespace/.m2/repository/org/ow2/asm/asm-analysis/9.8/asm-analysis-9.8.jar:/home/codespace/.m2/repository/io/quarkus/gizmo/gizmo2/2.0.0.Beta6/gizmo2-2.0.0.Beta6.jar:/home/codespace/.m2/repository/io/github/dmlloyd/jdk-classfile-backport/24.0/jdk-classfile-backport-24.0.jar:/home/codespace/.m2/repository/io/smallrye/common/smallrye-common-resource/2.13.9/smallrye-common-resource-2.13.9.jar:/home/codespace/.m2/repository/io/smallrye/jandex-gizmo2/3.4.0/jandex-gizmo2-3.4.0.jar:/home/codespace/.m2/repository/io/smallrye/common/smallrye-common-process/2.13.9/smallrye-common-process-2.13.9.jar:/home/codespace/.m2/repository/org/ow2/asm/asm-commons/9.8/asm-commons-9.8.jar:/home/codespace/.m2/repository/org/ow2/asm/asm-tree/9.8/asm-tree-9.8.jar:/home/codespace/.m2/repository/io/quarkus/quarkus-hibernate-validator-spi/3.26.4/quarkus-hibernate-validator-spi-3.26.4.jar:/home/codespace/.m2/repository/io/quarkus/quarkus-class-change-agent/3.26.4/quarkus-class-change-agent-3.26.4.jar:/home/codespace/.m2/repository/io/quarkus/quarkus-builder/3.26.4/quarkus-builder-3.26.4.jar:/home/codespace/.m2/repository/org/graalvm/sdk/nativeimage/23.1.2/nativeimage-23.1.2.jar:/home/codespace/.m2/repository/org/graalvm/sdk/word/23.1.2/word-23.1.2.jar:/home/codespace/.m2/repository/org/junit/platform/junit-platform-launcher/1.13.4/junit-platform-launcher-1.13.4.jar:/home/codespace/.m2/repository/io/quarkus/quarkus-bootstrap-maven-resolver/3.26.4/quarkus-bootstrap-maven-resolver-3.26.4.jar:/home/codespace/.m2/repository/io/smallrye/beanbag/smallrye-beanbag-maven/1.5.3/smallrye-beanbag-maven-1.5.3.jar:/home/codespace/.m2/repository/io/smallrye/beanbag/smallrye-beanbag-sisu/1.5.3/smallrye-beanbag-sisu-1.5.3.jar:/home/codespace/.m2/repository/io/smallrye/beanbag/smallrye-beanbag/1.5.3/smallrye-beanbag-1.5.3.jar:/home/codespace/.m2/repository/javax/inject/javax.inject/1/javax.inject-1.jar:/home/codespace/.m2/repository/org/apache/maven/maven-artifact/3.9.9/maven-artifact-3.9.9.jar:/home/codespace/.m2/repository/org/apache/maven/maven-builder-support/3.9.9/maven-builder-support-3.9.9.jar:/home/codespace/.m2/repository/org/apache/maven/maven-model/3.9.9/maven-model-3.9.9.jar:/home/codespace/.m2/repository/org/apache/maven/maven-model-builder/3.9.9/maven-model-builder-3.9.9.jar:/home/codespace/.m2/repository/org/apache/maven/maven-repository-metadata/3.9.9/maven-repository-metadata-3.9.9.jar:/home/codespace/.m2/repository/org/apache/maven/maven-settings/3.9.9/maven-settings-3.9.9.jar:/home/codespace/.m2/repository/org/apache/maven/resolver/maven-resolver-api/1.9.22/maven-resolver-api-1.9.22.jar:/home/codespace/.m2/repository/org/apache/maven/resolver/maven-resolver-impl/1.9.22/maven-resolver-impl-1.9.22.jar:/home/codespace/.m2/repository/org/apache/maven/resolver/maven-resolver-named-locks/1.9.22/maven-resolver-named-locks-1.9.22.jar:/home/codespace/.m2/repository/org/apache/maven/resolver/maven-resolver-spi/1.9.22/maven-resolver-spi-1.9.22.jar:/home/codespace/.m2/repository/org/apache/maven/resolver/maven-resolver-util/1.9.22/maven-resolver-util-1.9.22.jar:/home/codespace/.m2/repository/org/apache/maven/resolver/maven-resolver-transport-http/1.9.23/maven-resolver-transport-http-1.9.23.jar:/home/codespace/.m2/repository/org/apache/maven/wagon/wagon-provider-api/3.5.3/wagon-provider-api-3.5.3.jar:/home/codespace/.m2/repository/org/apache/maven/wagon/wagon-http-shared/3.5.3/wagon-http-shared-3.5.3.jar:/home/codespace/.m2/repository/org/codehaus/plexus/plexus-interpolation/1.26/plexus-interpolation-1.26.jar:/home/codespace/.m2/repository/org/codehaus/plexus/plexus-utils/3.5.1/plexus-utils-3.5.1.jar:/home/codespace/.m2/repository/org/codehaus/plexus/plexus-xml/4.0.2/plexus-xml-4.0.2.jar:/home/codespace/.m2/repository/org/apache/maven/maven-xml-impl/4.0.0-alpha-7/maven-xml-impl-4.0.0-alpha-7.jar:/home/codespace/.m2/repository/org/apache/maven/maven-api-xml/4.0.0-alpha-7/maven-api-xml-4.0.0-alpha-7.jar:/home/codespace/.m2/repository/org/apache/maven/maven-api-meta/4.0.0-alpha-7/maven-api-meta-4.0.0-alpha-7.jar:/home/codespace/.m2/repository/org/codehaus/plexus/plexus-cipher/2.0/plexus-cipher-2.0.jar:/home/codespace/.m2/repository/org/codehaus/plexus/plexus-sec-dispatcher/2.0/plexus-sec-dispatcher-2.0.jar:/home/codespace/.m2/repository/io/quarkus/quarkus-bootstrap-maven4-resolver/3.26.4/quarkus-bootstrap-maven4-resolver-3.26.4.jar:/home/codespace/.m2/repository/org/apache/maven/maven-embedder/3.9.9/maven-embedder-3.9.9.jar:/home/codespace/.m2/repository/org/apache/maven/maven-core/3.9.9/maven-core-3.9.9.jar:/home/codespace/.m2/repository/org/codehaus/plexus/plexus-component-annotations/2.1.0/plexus-component-annotations-2.1.0.jar:/home/codespace/.m2/repository/org/apache/maven/maven-plugin-api/3.9.9/maven-plugin-api-3.9.9.jar:/home/codespace/.m2/repository/org/apache/maven/shared/maven-shared-utils/3.4.2/maven-shared-utils-3.4.2.jar:/home/codespace/.m2/repository/com/google/inject/guice/5.1.0/guice-5.1.0.jar:/home/codespace/.m2/repository/aopalliance/aopalliance/1.0/aopalliance-1.0.jar:/home/codespace/.m2/repository/com/google/guava/guava/33.4.8-jre/guava-33.4.8-jre.jar:/home/codespace/.m2/repository/org/jspecify/jspecify/1.0.0/jspecify-1.0.0.jar:/home/codespace/.m2/repository/com/google/guava/failureaccess/1.0.1/failureaccess-1.0.1.jar:/home/codespace/.m2/repository/javax/annotation/javax.annotation-api/1.3.2/javax.annotation-api-1.3.2.jar:/home/codespace/.m2/repository/org/codehaus/plexus/plexus-classworlds/2.6.0/plexus-classworlds-2.6.0.jar:/home/codespace/.m2/repository/commons-cli/commons-cli/1.8.0/commons-cli-1.8.0.jar:/home/codespace/.m2/repository/org/eclipse/sisu/org.eclipse.sisu.plexus/0.9.0.M4/org.eclipse.sisu.plexus-0.9.0.M4.jar:/home/codespace/.m2/repository/org/apache/maven/maven-settings-builder/3.9.9/maven-settings-builder-3.9.9.jar:/home/codespace/.m2/repository/org/apache/maven/maven-resolver-provider/3.9.9/maven-resolver-provider-3.9.9.jar:/home/codespace/.m2/repository/org/apache/maven/resolver/maven-resolver-connector-basic/1.9.22/maven-resolver-connector-basic-1.9.22.jar:/home/codespace/.m2/repository/org/apache/maven/resolver/maven-resolver-transport-wagon/1.9.22/maven-resolver-transport-wagon-1.9.22.jar:/home/codespace/.m2/repository/org/apache/maven/wagon/wagon-http/3.5.3/wagon-http-3.5.3.jar:/home/codespace/.m2/repository/org/apache/maven/wagon/wagon-file/3.5.3/wagon-file-3.5.3.jar:/home/codespace/.m2/repository/io/quarkus/quarkus-bootstrap-gradle-resolver/3.26.4/quarkus-bootstrap-gradle-resolver-3.26.4.jar:/home/codespace/.m2/repository/io/smallrye/jandex/3.4.0/jandex-3.4.0.jar:/home/codespace/.m2/repository/commons-io/commons-io/2.20.0/commons-io-2.20.0.jar:/home/codespace/.m2/repository/org/jboss/logging/commons-logging-jboss-logging/1.0.0.Final/commons-logging-jboss-logging-1.0.0.Final.jar:/home/codespace/.m2/repository/io/quarkus/quarkus-junit5-config/3.26.4/quarkus-junit5-config-3.26.4.jar:/home/codespace/.m2/repository/org/junit/jupiter/junit-jupiter-api/5.13.4/junit-jupiter-api-5.13.4.jar:/home/codespace/.m2/repository/org/opentest4j/opentest4j/1.3.0/opentest4j-1.3.0.jar:/home/codespace/.m2/repository/org/junit/platform/junit-platform-commons/1.13.4/junit-platform-commons-1.13.4.jar:/home/codespace/.m2/repository/org/apiguardian/apiguardian-api/1.1.2/apiguardian-api-1.1.2.jar:/home/codespace/.m2/repository/org/junit/jupiter/junit-jupiter/5.13.4/junit-jupiter-5.13.4.jar:/home/codespace/.m2/repository/org/junit/jupiter/junit-jupiter-params/5.13.4/junit-jupiter-params-5.13.4.jar:/home/codespace/.m2/repository/org/junit/jupiter/junit-jupiter-engine/5.13.4/junit-jupiter-engine-5.13.4.jar:/home/codespace/.m2/repository/org/junit/platform/junit-platform-engine/1.13.4/junit-platform-engine-1.13.4.jar:/home/codespace/.m2/repository/org/apache/camel/quarkus/camel-quarkus-direct/3.26.0/camel-quarkus-direct-3.26.0.jar:/home/codespace/.m2/repository/org/apache/camel/camel-direct/4.14.0/camel-direct-4.14.0.jar:/home/codespace/.m2/repository/io/rest-assured/rest-assured/5.5.6/rest-assured-5.5.6.jar:/home/codespace/.m2/repository/org/apache/groovy/groovy/4.0.28/groovy-4.0.28.jar:/home/codespace/.m2/repository/org/apache/groovy/groovy-xml/4.0.22/groovy-xml-4.0.22.jar:/home/codespace/.m2/repository/org/apache/httpcomponents/httpclient/4.5.14/httpclient-4.5.14.jar:/home/codespace/.m2/repository/org/apache/httpcomponents/httpcore/4.4.16/httpcore-4.4.16.jar:/home/codespace/.m2/repository/commons-codec/commons-codec/1.19.0/commons-codec-1.19.0.jar:/home/codespace/.m2/repository/org/apache/httpcomponents/httpmime/4.5.14/httpmime-4.5.14.jar:/home/codespace/.m2/repository/org/hamcrest/hamcrest/2.2/hamcrest-2.2.jar:/home/codespace/.m2/repository/org/ccil/cowan/tagsoup/tagsoup/1.2.1/tagsoup-1.2.1.jar:/home/codespace/.m2/repository/io/rest-assured/json-path/5.5.6/json-path-5.5.6.jar:/home/codespace/.m2/repository/org/apache/groovy/groovy-json/4.0.22/groovy-json-4.0.22.jar:/home/codespace/.m2/repository/io/rest-assured/rest-assured-common/5.5.6/rest-assured-common-5.5.6.jar:/home/codespace/.m2/repository/io/rest-assured/xml-path/5.5.6/xml-path-5.5.6.jar:/home/codespace/.m2/repository/org/apache/commons/commons-lang3/3.18.0/commons-lang3-3.18.0.jar:/home/codespace/.m2/repository/io/vertx/vertx-web-client/4.5.21/vertx-web-client-4.5.21.jar:/home/codespace/.m2/repository/io/vertx/vertx-uri-template/4.5.21/vertx-uri-template-4.5.21.jar:/home/codespace/.m2/repository/io/vertx/vertx-web-common/4.5.21/vertx-web-common-4.5.21.jar:/home/codespace/.m2/repository/io/vertx/vertx-auth-common/4.5.21/vertx-auth-common-4.5.21.jar:/home/codespace/.m2/repository/io/quarkus/quarkus-scheduler/3.26.4/quarkus-scheduler-3.26.4.jar:/home/codespace/.m2/repository/io/quarkus/quarkus-scheduler-kotlin/3.26.4/quarkus-scheduler-kotlin-3.26.4.jar:/home/codespace/.m2/repository/io/quarkus/quarkus-scheduler-common/3.26.4/quarkus-scheduler-common-3.26.4.jar:/home/codespace/.m2/repository/io/quarkus/quarkus-scheduler-api/3.26.4/quarkus-scheduler-api-3.26.4.jar:/home/codespace/.m2/repository/io/quarkus/quarkus-scheduler-spi/3.26.4/quarkus-scheduler-spi-3.26.4.jar:/home/codespace/.m2/repository/io/opentelemetry/instrumentation/opentelemetry-instrumentation-api/2.10.0/opentelemetry-instrumentation-api-2.10.0.jar:/home/codespace/.m2/repository/io/opentelemetry/opentelemetry-api/1.44.1/opentelemetry-api-1.44.1.jar:/home/codespace/.m2/repository/io/opentelemetry/opentelemetry-context/1.44.1/opentelemetry-context-1.44.1.jar:/home/codespace/.m2/repository/io/opentelemetry/opentelemetry-api-incubator/1.44.1-alpha/opentelemetry-api-incubator-1.44.1-alpha.jar:/home/codespace/.m2/repository/io/opentelemetry/semconv/opentelemetry-semconv/1.28.0-alpha/opentelemetry-semconv-1.28.0-alpha.jar:/home/codespace/.m2/repository/com/cronutils/cron-utils/9.2.1/cron-utils-9.2.1.jar:/home/codespace/.m2/repository/io/quarkus/quarkus-virtual-threads/3.26.4/quarkus-virtual-threads-3.26.4.jar:/home/codespace/.m2/repository/org/jboss/slf4j/slf4j-jboss-logmanager/2.0.0.Final/slf4j-jboss-logmanager-2.0.0.Final.jar:/home/codespace/.m2/repository/org/glassfish/expressly/expressly/6.0.0/expressly-6.0.0.jar:/home/codespace/.m2/repository/jakarta/el/jakarta.el-api/6.0.1/jakarta.el-api-6.0.1.jar:"/>
    <property name="sun.cpu.endian" value="little"/>
    <property name="user.home" value="/home/codespace"/>
    <property name="user.language" value="en"/>
    <property name="java.specification.vendor" value="Oracle Corporation"/>
    <property name="java.version.date" value="2025-04-15"/>
    <property name="java.home" value="/usr/local/sdkman/candidates/java/21.0.7-ms"/>
    <property name="file.separator" value="/"/>
    <property name="basedir" value="/workspaces/EmailProcessor/cs-client"/>
    <property name="java.vm.compressedOopsMode" value="Zero based"/>
    <property name="line.separator" value="&#10;"/>
    <property name="java.vm.specification.vendor" value="Oracle Corporation"/>
    <property name="java.specification.name" value="Java Platform API Specification"/>
    <property name="surefire.real.class.path" value="/workspaces/EmailProcessor/cs-client/target/surefire/surefirebooter-20250920014744761_3.jar"/>
    <property name="sun.management.compiler" value="HotSpot 64-Bit Tiered Compilers"/>
    <property name="java.runtime.version" value="21.0.7+6-LTS"/>
    <property name="user.name" value="codespace"/>
    <property name="stdout.encoding" value="UTF-8"/>
    <property name="path.separator" value=":"/>
    <property name="os.version" value="6.8.0-1030-azure"/>
    <property name="java.runtime.name" value="OpenJDK Runtime Environment"/>
    <property name="file.encoding" value="UTF-8"/>
    <property name="java.vm.name" value="OpenJDK 64-Bit Server VM"/>
    <property name="java.vendor.version" value="Microsoft-11369942"/>
    <property name="localRepository" value="/home/codespace/.m2/repository"/>
    <property name="java.vendor.url.bug" value="https://github.com/microsoft/openjdk/issues"/>
    <property name="java.io.tmpdir" value="/tmp"/>
    <property name="java.version" value="21.0.7"/>
    <property name="user.dir" value="/workspaces/EmailProcessor/cs-client"/>
    <property name="os.arch" value="amd64"/>
    <property name="java.vm.specification.name" value="Java Virtual Machine Specification"/>
    <property name="native.encoding" value="UTF-8"/>
    <property name="java.util.logging.manager" value="org.jboss.logmanager.LogManager"/>
    <property name="java.library.path" value="/usr/java/packages/lib:/usr/lib64:/lib64:/lib:/usr/lib"/>
    <property name="jdk.console" value="java.base"/>
    <property name="java.vm.info" value="mixed mode, sharing"/>
    <property name="stderr.encoding" value="UTF-8"/>
    <property name="java.vendor" value="Microsoft"/>
    <property name="java.vm.version" value="21.0.7+6-LTS"/>
    <property name="sun.io.unicode.encoding" value="UnicodeLittle"/>
    <property name="java.class.version" value="65.0"/>
  </properties>
  <testcase name="testSomething" classname="AppTest" time="0.022"/>
</testsuite>